<?xml version="1.0" encoding="UTF-8"?>
<testng-results ignored="0" total="1" passed="1" failed="0" skipped="0">
  <reporter-output>
  </reporter-output>
  <suite started-at="2024-01-31T23:27:46 EST" name="Default suite" finished-at="2024-01-31T23:28:10 EST" duration-ms="24227">
    <groups>
    </groups>
    <test started-at="2024-01-31T23:27:46 EST" name="Default test" finished-at="2024-01-31T23:28:10 EST" duration-ms="24227">
      <class name="swagLab.Class1">
        <test-method is-config="true" signature="setup()[pri:0, instance:swagLab.Class1@2ed3b1f5]" started-at="2024-01-31T23:27:46 EST" name="setup" finished-at="2024-01-31T23:27:52 EST" duration-ms="5688" status="PASS">
          <reporter-output>
          </reporter-output>
        </test-method> <!-- setup -->
        <test-method signature="login()[pri:0, instance:swagLab.Class1@2ed3b1f5]" started-at="2024-01-31T23:27:52 EST" name="login" finished-at="2024-01-31T23:28:10 EST" duration-ms="18495" status="PASS">
          <reporter-output>
          </reporter-output>
        </test-method> <!-- login -->
        <test-method is-config="true" signature="postmytest()[pri:0, instance:swagLab.Class1@2ed3b1f5]" started-at="2024-01-31T23:28:10 EST" name="postmytest" finished-at="2024-01-31T23:28:10 EST" duration-ms="1" status="PASS">
          <reporter-output>
          </reporter-output>
        </test-method> <!-- postmytest -->
      </class> <!-- swagLab.Class1 -->
    </test> <!-- Default test -->
  </suite> <!-- Default suite -->
</testng-results>
