<?xml version="1.0" encoding="UTF-8"?>
<testng-results ignored="0" total="1" passed="1" failed="0" skipped="0">
  <reporter-output>
  </reporter-output>
  <suite started-at="2024-02-01T00:06:11 EST" name="Default suite" finished-at="2024-02-01T00:06:19 EST" duration-ms="8133">
    <groups>
    </groups>
    <test started-at="2024-02-01T00:06:11 EST" name="Default test" finished-at="2024-02-01T00:06:19 EST" duration-ms="8133">
      <class name="swagLab.Class1">
        <test-method is-config="true" signature="setup()[pri:0, instance:swagLab.Class1@63648ee9]" started-at="2024-02-01T00:06:11 EST" name="setup" finished-at="2024-02-01T00:06:16 EST" duration-ms="4670" status="PASS">
          <reporter-output>
          </reporter-output>
        </test-method> <!-- setup -->
        <test-method signature="myTest()[pri:0, instance:swagLab.Class1@63648ee9]" started-at="2024-02-01T00:06:16 EST" name="myTest" finished-at="2024-02-01T00:06:19 EST" duration-ms="3386" status="PASS">
          <reporter-output>
          </reporter-output>
        </test-method> <!-- myTest -->
        <test-method is-config="true" signature="postmytest()[pri:0, instance:swagLab.Class1@63648ee9]" started-at="2024-02-01T00:06:19 EST" name="postmytest" finished-at="2024-02-01T00:06:19 EST" duration-ms="1" status="PASS">
          <reporter-output>
          </reporter-output>
        </test-method> <!-- postmytest -->
      </class> <!-- swagLab.Class1 -->
    </test> <!-- Default test -->
  </suite> <!-- Default suite -->
</testng-results>
